<?xml version="1.0" encoding="UTF-8"?>
<testsuite xmlns:xsi="http://www.w3.org/2001/XMLSchema-instance" xsi:noNamespaceSchemaLocation="https://maven.apache.org/surefire/maven-surefire-plugin/xsd/surefire-test-report.xsd" name="com.runner.TestRunner" time="2.424" tests="10" errors="0" skipped="0" failures="0">
  <properties>
    <property name="java.specification.version" value="20"/>
    <property name="sun.cpu.isalist" value="amd64"/>
    <property name="sun.jnu.encoding" value="Cp1252"/>
    <property name="java.class.path" value="D:\EclipseWorkspace\Cucumber_Concepts\target\test-classes;D:\EclipseWorkspace\Cucumber_Concepts\target\classes;C:\Users\chanu\.m2\repository\junit\junit\4.11\junit-4.11.jar;C:\Users\chanu\.m2\repository\org\hamcrest\hamcrest-core\1.3\hamcrest-core-1.3.jar;C:\Users\chanu\.m2\repository\io\cucumber\cucumber-java\6.9.0\cucumber-java-6.9.0.jar;C:\Users\chanu\.m2\repository\io\cucumber\cucumber-core\6.9.0\cucumber-core-6.9.0.jar;C:\Users\chanu\.m2\repository\io\cucumber\cucumber-gherkin\6.9.0\cucumber-gherkin-6.9.0.jar;C:\Users\chanu\.m2\repository\io\cucumber\cucumber-gherkin-messages\6.9.0\cucumber-gherkin-messages-6.9.0.jar;C:\Users\chanu\.m2\repository\io\cucumber\messages\13.2.0\messages-13.2.0.jar;C:\Users\chanu\.m2\repository\io\cucumber\tag-expressions\3.0.0\tag-expressions-3.0.0.jar;C:\Users\chanu\.m2\repository\io\cucumber\cucumber-expressions\10.3.0\cucumber-expressions-10.3.0.jar;C:\Users\chanu\.m2\repository\io\cucumber\datatable\3.5.0\datatable-3.5.0.jar;C:\Users\chanu\.m2\repository\io\cucumber\cucumber-plugin\6.9.0\cucumber-plugin-6.9.0.jar;C:\Users\chanu\.m2\repository\io\cucumber\docstring\6.9.0\docstring-6.9.0.jar;C:\Users\chanu\.m2\repository\io\cucumber\html-formatter\9.0.0\html-formatter-9.0.0.jar;C:\Users\chanu\.m2\repository\io\cucumber\create-meta\2.0.4\create-meta-2.0.4.jar;C:\Users\chanu\.m2\repository\org\apiguardian\apiguardian-api\1.1.0\apiguardian-api-1.1.0.jar;C:\Users\chanu\.m2\repository\io\cucumber\cucumber-junit\6.9.0\cucumber-junit-6.9.0.jar;"/>
    <property name="java.vm.vendor" value="Oracle Corporation"/>
    <property name="sun.arch.data.model" value="64"/>
    <property name="user.variant" value=""/>
    <property name="java.vendor.url" value="https://java.oracle.com/"/>
    <property name="user.timezone" value="Asia/Calcutta"/>
    <property name="os.name" value="Windows 11"/>
    <property name="java.vm.specification.version" value="20"/>
    <property name="sun.java.launcher" value="SUN_STANDARD"/>
    <property name="user.country" value="IN"/>
    <property name="sun.boot.library.path" value="C:\Program Files\Java\jdk-20\bin"/>
    <property name="sun.java.command" value="C:\Users\chanu\AppData\Local\Temp\surefire13254522337182923490\surefirebooter10505075522078281260.jar C:\Users\chanu\AppData\Local\Temp\surefire13254522337182923490 2023-05-20T18-42-30_536-jvmRun1 surefire7189914843493724705tmp surefire_013030176995207046310tmp"/>
    <property name="jdk.debug" value="release"/>
    <property name="surefire.test.class.path" value="D:\EclipseWorkspace\Cucumber_Concepts\target\test-classes;D:\EclipseWorkspace\Cucumber_Concepts\target\classes;C:\Users\chanu\.m2\repository\junit\junit\4.11\junit-4.11.jar;C:\Users\chanu\.m2\repository\org\hamcrest\hamcrest-core\1.3\hamcrest-core-1.3.jar;C:\Users\chanu\.m2\repository\io\cucumber\cucumber-java\6.9.0\cucumber-java-6.9.0.jar;C:\Users\chanu\.m2\repository\io\cucumber\cucumber-core\6.9.0\cucumber-core-6.9.0.jar;C:\Users\chanu\.m2\repository\io\cucumber\cucumber-gherkin\6.9.0\cucumber-gherkin-6.9.0.jar;C:\Users\chanu\.m2\repository\io\cucumber\cucumber-gherkin-messages\6.9.0\cucumber-gherkin-messages-6.9.0.jar;C:\Users\chanu\.m2\repository\io\cucumber\messages\13.2.0\messages-13.2.0.jar;C:\Users\chanu\.m2\repository\io\cucumber\tag-expressions\3.0.0\tag-expressions-3.0.0.jar;C:\Users\chanu\.m2\repository\io\cucumber\cucumber-expressions\10.3.0\cucumber-expressions-10.3.0.jar;C:\Users\chanu\.m2\repository\io\cucumber\datatable\3.5.0\datatable-3.5.0.jar;C:\Users\chanu\.m2\repository\io\cucumber\cucumber-plugin\6.9.0\cucumber-plugin-6.9.0.jar;C:\Users\chanu\.m2\repository\io\cucumber\docstring\6.9.0\docstring-6.9.0.jar;C:\Users\chanu\.m2\repository\io\cucumber\html-formatter\9.0.0\html-formatter-9.0.0.jar;C:\Users\chanu\.m2\repository\io\cucumber\create-meta\2.0.4\create-meta-2.0.4.jar;C:\Users\chanu\.m2\repository\org\apiguardian\apiguardian-api\1.1.0\apiguardian-api-1.1.0.jar;C:\Users\chanu\.m2\repository\io\cucumber\cucumber-junit\6.9.0\cucumber-junit-6.9.0.jar;"/>
    <property name="sun.cpu.endian" value="little"/>
    <property name="user.home" value="C:\Users\chanu"/>
    <property name="user.language" value="en"/>
    <property name="java.specification.vendor" value="Oracle Corporation"/>
    <property name="java.version.date" value="2023-03-21"/>
    <property name="java.home" value="C:\Program Files\Java\jdk-20"/>
    <property name="file.separator" value="\"/>
    <property name="basedir" value="D:\EclipseWorkspace\Cucumber_Concepts"/>
    <property name="java.vm.compressedOopsMode" value="32-bit"/>
    <property name="line.separator" value="&#10;"/>
    <property name="java.vm.specification.vendor" value="Oracle Corporation"/>
    <property name="java.specification.name" value="Java Platform API Specification"/>
    <property name="surefire.real.class.path" value="C:\Users\chanu\AppData\Local\Temp\surefire13254522337182923490\surefirebooter10505075522078281260.jar"/>
    <property name="user.script" value=""/>
    <property name="sun.management.compiler" value="HotSpot 64-Bit Tiered Compilers"/>
    <property name="java.runtime.version" value="20+36-2344"/>
    <property name="user.name" value="chanu"/>
    <property name="stdout.encoding" value="Cp1252"/>
    <property name="path.separator" value=";"/>
    <property name="os.version" value="10.0"/>
    <property name="java.runtime.name" value="Java(TM) SE Runtime Environment"/>
    <property name="file.encoding" value="UTF-8"/>
    <property name="java.vm.name" value="Java HotSpot(TM) 64-Bit Server VM"/>
    <property name="localRepository" value="C:\Users\chanu\.m2\repository"/>
    <property name="java.vendor.url.bug" value="https://bugreport.java.com/bugreport/"/>
    <property name="java.io.tmpdir" value="C:\Users\chanu\AppData\Local\Temp\"/>
    <property name="java.version" value="20"/>
    <property name="user.dir" value="D:\EclipseWorkspace\Cucumber_Concepts"/>
    <property name="os.arch" value="amd64"/>
    <property name="java.vm.specification.name" value="Java Virtual Machine Specification"/>
    <property name="sun.os.patch.level" value=""/>
    <property name="native.encoding" value="Cp1252"/>
    <property name="java.library.path" value="C:\Program Files\Java\jdk-20\bin;C:\WINDOWS\Sun\Java\bin;C:\WINDOWS\system32;C:\WINDOWS;C:\Program Files (x86)\TRICENTIS\Tosca Testsuite\ToscaCommander;;C:\Program Files\Common Files\Oracle\Java\javapath;C:\WINDOWS\system32;C:\WINDOWS;C:\WINDOWS\System32\Wbem;C:\WINDOWS\System32\WindowsPowerShell\v1.0\;C:\WINDOWS\System32\OpenSSH\;C:\Program Files\Java\jdk-20\bin;C:\Program Files\Git\cmd;C:\Program Files\GitHub CLI\;C:\Program Files\dotnet\;C:\Program Files\nodejs\;C:\Program Files (x86)\apache-maven-3.9.2\bin;C:\Users\chanu\AppData\Local\Microsoft\WindowsApps;C:\Users\chanu\AppData\Roaming\npm;."/>
    <property name="java.vm.info" value="mixed mode, sharing"/>
    <property name="stderr.encoding" value="Cp1252"/>
    <property name="java.vendor" value="Oracle Corporation"/>
    <property name="java.vm.version" value="20+36-2344"/>
    <property name="sun.io.unicode.encoding" value="UnicodeLittle"/>
    <property name="java.class.version" value="64.0"/>
  </properties>
  <testcase name="verify TransferMoney Functionality in DashboardPage" classname="verify DashBoardPage all functionalities" time="0.437"/>
  <testcase name="verify Apply Loan Functionality in DashboardPage" classname="verify DashBoardPage all functionalities" time="0.038"/>
  <testcase name="verify the login functionality with valid credentials" classname="Verify all possibilites Test login in functionality of paraBank #1" time="0.033"/>
  <testcase name="verify the login functionality with Invalid credentials" classname="Verify all possibilites Test login in functionality of paraBank #1" time="0.029"/>
  <testcase name="verify the login functionality with Invalid username valid password" classname="Verify all possibilites Test login in functionality of paraBank #1" time="0.023"/>
  <testcase name="verify the login functionality with valid username invalid password" classname="Verify all possibilites Test login in functionality of paraBank #1" time="0.028"/>
  <testcase name="verify the login functionality with valid credentials" classname="Verify all possibilites Test login in functionality of paraBank #2" time="0.03"/>
  <testcase name="verify the login functionality with Invalid credentials" classname="Verify all possibilites Test login in functionality of paraBank #2" time="0.028"/>
  <testcase name="verify the login functionality with Invalid username valid password" classname="Verify all possibilites Test login in functionality of paraBank #2" time="0.028"/>
  <testcase name="verify the login functionality with valid username invalid password" classname="Verify all possibilites Test login in functionality of paraBank #2" time="0.024"/>
</testsuite>